The system is: Windows - 10.0.22621 - AMD64
Compiling the C compiler identification source file "CMakeCCompilerId.c" succeeded.
Compiler: C:/Program Files (x86)/mingw-w64/i686-8.1.0-posix-dwarf-rt_v6-rev0/mingw32/bin/gcc.exe 
Build flags: 
Id flags:  

The output was:
0


Compilation of the C compiler identification source "CMakeCCompilerId.c" produced "a.exe"

The C compiler identification is GNU, found in "D:/Studium/Masterarbeit/MA-FrameworkLatency/pixel_readers/getpixel/cmake-build-debug/CMakeFiles/3.17.3/CompilerIdC/a.exe"

Compiling the CXX compiler identification source file "CMakeCXXCompilerId.cpp" succeeded.
Compiler: C:/Program Files (x86)/mingw-w64/i686-8.1.0-posix-dwarf-rt_v6-rev0/mingw32/bin/g++.exe 
Build flags: 
Id flags:  

The output was:
0


Compilation of the CXX compiler identification source "CMakeCXXCompilerId.cpp" produced "a.exe"

The CXX compiler identification is GNU, found in "D:/Studium/Masterarbeit/MA-FrameworkLatency/pixel_readers/getpixel/cmake-build-debug/CMakeFiles/3.17.3/CompilerIdCXX/a.exe"

Determining if the C compiler works passed with the following output:
Change Dir: D:/Studium/Masterarbeit/MA-FrameworkLatency/pixel_readers/getpixel/cmake-build-debug/CMakeFiles/CMakeTmp

Run Build Command(s):C:/PROGRA~2/MINGW-~1/I686-8~1.0-P/mingw32/bin/mingw32-make.exe cmTC_03153/fast && C:/PROGRA~2/MINGW-~1/I686-8~1.0-P/mingw32/bin/mingw32-make.exe  -f CMakeFiles\cmTC_03153.dir\build.make CMakeFiles/cmTC_03153.dir/build
mingw32-make.exe[1]: Entering directory 'D:/Studium/Masterarbeit/MA-FrameworkLatency/pixel_readers/getpixel/cmake-build-debug/CMakeFiles/CMakeTmp'
Building C object CMakeFiles/cmTC_03153.dir/testCCompiler.c.obj
C:\PROGRA~2\MINGW-~1\I686-8~1.0-P\mingw32\bin\gcc.exe    -o CMakeFiles\cmTC_03153.dir\testCCompiler.c.obj   -c D:\Studium\Masterarbeit\MA-FrameworkLatency\pixel_readers\getpixel\cmake-build-debug\CMakeFiles\CMakeTmp\testCCompiler.c
Linking C executable cmTC_03153.exe
"C:\Program Files\JetBrains\CLion 2020.2.4\bin\cmake\win\bin\cmake.exe" -E cmake_link_script CMakeFiles\cmTC_03153.dir\link.txt --verbose=1
"C:\Program Files\JetBrains\CLion 2020.2.4\bin\cmake\win\bin\cmake.exe" -E rm -f CMakeFiles\cmTC_03153.dir/objects.a
C:\PROGRA~2\MINGW-~1\I686-8~1.0-P\mingw32\bin\ar.exe cr CMakeFiles\cmTC_03153.dir/objects.a @CMakeFiles\cmTC_03153.dir\objects1.rsp
C:\PROGRA~2\MINGW-~1\I686-8~1.0-P\mingw32\bin\gcc.exe      -Wl,--whole-archive CMakeFiles\cmTC_03153.dir/objects.a -Wl,--no-whole-archive  -o cmTC_03153.exe -Wl,--out-implib,libcmTC_03153.dll.a -Wl,--major-image-version,0,--minor-image-version,0 @CMakeFiles\cmTC_03153.dir\linklibs.rsp
mingw32-make.exe[1]: Leaving directory 'D:/Studium/Masterarbeit/MA-FrameworkLatency/pixel_readers/getpixel/cmake-build-debug/CMakeFiles/CMakeTmp'



Determining if the CXX compiler works passed with the following output:
Change Dir: D:/Studium/Masterarbeit/MA-FrameworkLatency/pixel_readers/getpixel/cmake-build-debug/CMakeFiles/CMakeTmp

Run Build Command(s):C:/PROGRA~2/MINGW-~1/I686-8~1.0-P/mingw32/bin/mingw32-make.exe cmTC_31abe/fast && C:/PROGRA~2/MINGW-~1/I686-8~1.0-P/mingw32/bin/mingw32-make.exe  -f CMakeFiles\cmTC_31abe.dir\build.make CMakeFiles/cmTC_31abe.dir/build
mingw32-make.exe[1]: Entering directory 'D:/Studium/Masterarbeit/MA-FrameworkLatency/pixel_readers/getpixel/cmake-build-debug/CMakeFiles/CMakeTmp'
Building CXX object CMakeFiles/cmTC_31abe.dir/testCXXCompiler.cxx.obj
C:\PROGRA~2\MINGW-~1\I686-8~1.0-P\mingw32\bin\G__~1.EXE     -o CMakeFiles\cmTC_31abe.dir\testCXXCompiler.cxx.obj -c D:\Studium\Masterarbeit\MA-FrameworkLatency\pixel_readers\getpixel\cmake-build-debug\CMakeFiles\CMakeTmp\testCXXCompiler.cxx
Linking CXX executable cmTC_31abe.exe
"C:\Program Files\JetBrains\CLion 2020.2.4\bin\cmake\win\bin\cmake.exe" -E cmake_link_script CMakeFiles\cmTC_31abe.dir\link.txt --verbose=1
"C:\Program Files\JetBrains\CLion 2020.2.4\bin\cmake\win\bin\cmake.exe" -E rm -f CMakeFiles\cmTC_31abe.dir/objects.a
C:\PROGRA~2\MINGW-~1\I686-8~1.0-P\mingw32\bin\ar.exe cr CMakeFiles\cmTC_31abe.dir/objects.a @CMakeFiles\cmTC_31abe.dir\objects1.rsp
C:\PROGRA~2\MINGW-~1\I686-8~1.0-P\mingw32\bin\G__~1.EXE      -Wl,--whole-archive CMakeFiles\cmTC_31abe.dir/objects.a -Wl,--no-whole-archive  -o cmTC_31abe.exe -Wl,--out-implib,libcmTC_31abe.dll.a -Wl,--major-image-version,0,--minor-image-version,0 @CMakeFiles\cmTC_31abe.dir\linklibs.rsp
mingw32-make.exe[1]: Leaving directory 'D:/Studium/Masterarbeit/MA-FrameworkLatency/pixel_readers/getpixel/cmake-build-debug/CMakeFiles/CMakeTmp'



